# JRE version: OpenJDK Runtime Environment Microsoft-10376486 (17.0.13+11) (build 17.0.13+11-LTS)
# Java VM: OpenJDK 64-Bit Server VM Microsoft-10376486 (17.0.13+11-LTS, mixed mode, sharing, tiered, compressed oops, compressed class ptrs, g1 gc, windows-amd64)
GC Precious Log:
 CPUs: 8 total, 8 available
 Memory: 16050M
 Large Page Support: Disabled
 NUMA Support: Disabled
 Compressed Oops: Enabled (32-bit)
 Heap Region Size: 1M
 Heap Min Capacity: 8M
 Heap Initial Capacity: 252M
 Heap Max Capacity: 2G
 Pre-touch: Disabled
 Parallel Workers: 8
 Concurrent Workers: 2
 Concurrent Refinement Workers: 8
 Periodic GC: Disabled
Heap:
 garbage-first heap   total 406528K, used 325507K [0x0000000080000000, 0x0000000100000000)
  region size 1024K, 19 young (19456K), 6 survivors (6144K)
 Metaspace       used 123297K, committed 124992K, reserved 557056K
  class space    used 17026K, committed 17792K, reserved 425984K
GC Heap History (20 events):
Event: 249.707 GC heap before
{Heap before GC invocations=99 (full 0):
 garbage-first heap   total 406528K, used 243946K [0x0000000080000000, 0x0000000100000000)
  region size 1024K, 19 young (19456K), 11 survivors (11264K)
 Metaspace       used 113592K, committed 115072K, reserved 557056K
  class space    used 15921K, committed 16576K, reserved 425984K
}
Event: 249.739 GC heap after
{Heap after GC invocations=100 (full 0):
 garbage-first heap   total 406528K, used 232336K [0x0000000080000000, 0x0000000100000000)
  region size 1024K, 3 young (3072K), 3 survivors (3072K)
 Metaspace       used 113592K, committed 115072K, reserved 557056K
  class space    used 15921K, committed 16576K, reserved 425984K
}
Event: 265.690 GC heap before
{Heap before GC invocations=100 (full 0):
 garbage-first heap   total 406528K, used 334736K [0x0000000080000000, 0x0000000100000000)
  region size 1024K, 102 young (104448K), 3 survivors (3072K)
 Metaspace       used 113664K, committed 115136K, reserved 557056K
  class space    used 15933K, committed 16576K, reserved 425984K
}
Event: 265.698 GC heap after
{Heap after GC invocations=101 (full 0):
 garbage-first heap   total 406528K, used 239734K [0x0000000080000000, 0x0000000100000000)
  region size 1024K, 9 young (9216K), 9 survivors (9216K)
 Metaspace       used 113664K, committed 115136K, reserved 557056K
  class space    used 15933K, committed 16576K, reserved 425984K
}
Event: 273.494 GC heap before
{Heap before GC invocations=101 (full 0):
 garbage-first heap   total 406528K, used 333942K [0x0000000080000000, 0x0000000100000000)
  region size 1024K, 102 young (104448K), 9 survivors (9216K)
 Metaspace       used 118458K, committed 120064K, reserved 557056K
  class space    used 16596K, committed 17344K, reserved 425984K
}
Event: 273.532 GC heap after
{Heap after GC invocations=102 (full 0):
 garbage-first heap   total 406528K, used 252984K [0x0000000080000000, 0x0000000100000000)
  region size 1024K, 13 young (13312K), 13 survivors (13312K)
 Metaspace       used 118458K, committed 120064K, reserved 557056K
  class space    used 16596K, committed 17344K, reserved 425984K
}
Event: 278.174 GC heap before
{Heap before GC invocations=102 (full 0):
 garbage-first heap   total 406528K, used 335928K [0x0000000080000000, 0x0000000100000000)
  region size 1024K, 94 young (96256K), 13 survivors (13312K)
 Metaspace       used 119235K, committed 120896K, reserved 557056K
  class space    used 16669K, committed 17408K, reserved 425984K
}
Event: 278.223 GC heap after
{Heap after GC invocations=103 (full 0):
 garbage-first heap   total 406528K, used 263200K [0x0000000080000000, 0x0000000100000000)
  region size 1024K, 10 young (10240K), 10 survivors (10240K)
 Metaspace       used 119235K, committed 120896K, reserved 557056K
  class space    used 16669K, committed 17408K, reserved 425984K
}
Event: 280.802 GC heap before
{Heap before GC invocations=103 (full 0):
 garbage-first heap   total 406528K, used 336928K [0x0000000080000000, 0x0000000100000000)
  region size 1024K, 83 young (84992K), 10 survivors (10240K)
 Metaspace       used 119897K, committed 121600K, reserved 557056K
  class space    used 16756K, committed 17536K, reserved 425984K
}
Event: 280.857 GC heap after
{Heap after GC invocations=104 (full 0):
 garbage-first heap   total 406528K, used 270083K [0x0000000080000000, 0x0000000100000000)
  region size 1024K, 8 young (8192K), 8 survivors (8192K)
 Metaspace       used 119897K, committed 121600K, reserved 557056K
  class space    used 16756K, committed 17536K, reserved 425984K
}
Event: 283.540 GC heap before
{Heap before GC invocations=104 (full 0):
 garbage-first heap   total 406528K, used 340739K [0x0000000080000000, 0x0000000100000000)
  region size 1024K, 77 young (78848K), 8 survivors (8192K)
 Metaspace       used 119905K, committed 121600K, reserved 557056K
  class space    used 16757K, committed 17536K, reserved 425984K
}
Event: 283.652 GC heap after
{Heap after GC invocations=105 (full 0):
 garbage-first heap   total 406528K, used 272278K [0x0000000080000000, 0x0000000100000000)
  region size 1024K, 4 young (4096K), 4 survivors (4096K)
 Metaspace       used 119905K, committed 121600K, reserved 557056K
  class space    used 16757K, committed 17536K, reserved 425984K
}
Event: 285.749 GC heap before
{Heap before GC invocations=105 (full 0):
 garbage-first heap   total 406528K, used 342934K [0x0000000080000000, 0x0000000100000000)
  region size 1024K, 74 young (75776K), 4 survivors (4096K)
 Metaspace       used 119907K, committed 121600K, reserved 557056K
  class space    used 16757K, committed 17536K, reserved 425984K
}
Event: 285.764 GC heap after
{Heap after GC invocations=106 (full 0):
 garbage-first heap   total 406528K, used 273972K [0x0000000080000000, 0x0000000100000000)
  region size 1024K, 6 young (6144K), 6 survivors (6144K)
 Metaspace       used 119907K, committed 121600K, reserved 557056K
  class space    used 16757K, committed 17536K, reserved 425984K
}
Event: 294.781 GC heap before
{Heap before GC invocations=106 (full 0):
 garbage-first heap   total 406528K, used 350772K [0x0000000080000000, 0x0000000100000000)
  region size 1024K, 77 young (78848K), 6 survivors (6144K)
 Metaspace       used 122436K, committed 124096K, reserved 557056K
  class space    used 16976K, committed 17728K, reserved 425984K
}
Event: 294.797 GC heap after
{Heap after GC invocations=107 (full 0):
 garbage-first heap   total 406528K, used 277759K [0x0000000080000000, 0x0000000100000000)
  region size 1024K, 8 young (8192K), 8 survivors (8192K)
 Metaspace       used 122436K, committed 124096K, reserved 557056K
  class space    used 16976K, committed 17728K, reserved 425984K
}
Event: 308.746 GC heap before
{Heap before GC invocations=107 (full 0):
 garbage-first heap   total 406528K, used 354559K [0x0000000080000000, 0x0000000100000000)
  region size 1024K, 75 young (76800K), 8 survivors (8192K)
 Metaspace       used 122764K, committed 124416K, reserved 557056K
  class space    used 16978K, committed 17728K, reserved 425984K
}
Event: 308.784 GC heap after
{Heap after GC invocations=108 (full 0):
 garbage-first heap   total 406528K, used 306176K [0x0000000080000000, 0x0000000100000000)
  region size 1024K, 10 young (10240K), 10 survivors (10240K)
 Metaspace       used 122764K, committed 124416K, reserved 557056K
  class space    used 16978K, committed 17728K, reserved 425984K
}
Event: 312.023 GC heap before
{Heap before GC invocations=108 (full 0):
 garbage-first heap   total 406528K, used 348160K [0x0000000080000000, 0x0000000100000000)
  region size 1024K, 43 young (44032K), 10 survivors (10240K)
 Metaspace       used 123257K, committed 124992K, reserved 557056K
  class space    used 17026K, committed 17792K, reserved 425984K
}
Event: 312.055 GC heap after
{Heap after GC invocations=109 (full 0):
 garbage-first heap   total 406528K, used 313219K [0x0000000080000000, 0x0000000100000000)
  region size 1024K, 6 young (6144K), 6 survivors (6144K)
 Metaspace       used 123257K, committed 124992K, reserved 557056K
  class space    used 17026K, committed 17792K, reserved 425984K
}

